I, [2021-11-11T15:37:49.704902 #76722]  INFO -- : [9cbbe8df-6a66-4608-b4ef-058e912e50ef] Started GET "/" for 127.0.0.1 at 2021-11-11 15:37:49 -0500
F, [2021-11-11T15:37:49.705979 #76722] FATAL -- : [9cbbe8df-6a66-4608-b4ef-058e912e50ef]   
F, [2021-11-11T15:37:49.706069 #76722] FATAL -- : [9cbbe8df-6a66-4608-b4ef-058e912e50ef] ActionController::RoutingError (No route matches [GET] "/"):
F, [2021-11-11T15:37:49.706109 #76722] FATAL -- : [9cbbe8df-6a66-4608-b4ef-058e912e50ef]   
F, [2021-11-11T15:37:49.706146 #76722] FATAL -- : [9cbbe8df-6a66-4608-b4ef-058e912e50ef] actionpack (5.2.6) lib/action_dispatch/middleware/debug_exceptions.rb:65:in `call'
[9cbbe8df-6a66-4608-b4ef-058e912e50ef] actionpack (5.2.6) lib/action_dispatch/middleware/show_exceptions.rb:33:in `call'
[9cbbe8df-6a66-4608-b4ef-058e912e50ef] railties (5.2.6) lib/rails/rack/logger.rb:38:in `call_app'
[9cbbe8df-6a66-4608-b4ef-058e912e50ef] railties (5.2.6) lib/rails/rack/logger.rb:26:in `block in call'
[9cbbe8df-6a66-4608-b4ef-058e912e50ef] activesupport (5.2.6) lib/active_support/tagged_logging.rb:71:in `block in tagged'
[9cbbe8df-6a66-4608-b4ef-058e912e50ef] activesupport (5.2.6) lib/active_support/tagged_logging.rb:28:in `tagged'
[9cbbe8df-6a66-4608-b4ef-058e912e50ef] activesupport (5.2.6) lib/active_support/tagged_logging.rb:71:in `tagged'
[9cbbe8df-6a66-4608-b4ef-058e912e50ef] railties (5.2.6) lib/rails/rack/logger.rb:26:in `call'
[9cbbe8df-6a66-4608-b4ef-058e912e50ef] actionpack (5.2.6) lib/action_dispatch/middleware/remote_ip.rb:81:in `call'
[9cbbe8df-6a66-4608-b4ef-058e912e50ef] actionpack (5.2.6) lib/action_dispatch/middleware/request_id.rb:27:in `call'
[9cbbe8df-6a66-4608-b4ef-058e912e50ef] rack (2.2.3) lib/rack/method_override.rb:24:in `call'
[9cbbe8df-6a66-4608-b4ef-058e912e50ef] rack (2.2.3) lib/rack/runtime.rb:22:in `call'
[9cbbe8df-6a66-4608-b4ef-058e912e50ef] activesupport (5.2.6) lib/active_support/cache/strategy/local_cache_middleware.rb:29:in `call'
[9cbbe8df-6a66-4608-b4ef-058e912e50ef] actionpack (5.2.6) lib/action_dispatch/middleware/executor.rb:14:in `call'
[9cbbe8df-6a66-4608-b4ef-058e912e50ef] rack (2.2.3) lib/rack/sendfile.rb:110:in `call'
[9cbbe8df-6a66-4608-b4ef-058e912e50ef] railties (5.2.6) lib/rails/engine.rb:524:in `call'
[9cbbe8df-6a66-4608-b4ef-058e912e50ef] puma (3.12.6) lib/puma/configuration.rb:227:in `call'
[9cbbe8df-6a66-4608-b4ef-058e912e50ef] puma (3.12.6) lib/puma/server.rb:706:in `handle_request'
[9cbbe8df-6a66-4608-b4ef-058e912e50ef] puma (3.12.6) lib/puma/server.rb:476:in `process_client'
[9cbbe8df-6a66-4608-b4ef-058e912e50ef] puma (3.12.6) lib/puma/server.rb:334:in `block in run'
[9cbbe8df-6a66-4608-b4ef-058e912e50ef] puma (3.12.6) lib/puma/thread_pool.rb:135:in `block in spawn_thread'
I, [2021-11-11T15:38:27.358442 #76722]  INFO -- : [9263aab6-a3e3-4c05-8593-a0d07fa17a29] Started GET "/" for 127.0.0.1 at 2021-11-11 15:38:27 -0500
F, [2021-11-11T15:38:27.359414 #76722] FATAL -- : [9263aab6-a3e3-4c05-8593-a0d07fa17a29]   
F, [2021-11-11T15:38:27.359507 #76722] FATAL -- : [9263aab6-a3e3-4c05-8593-a0d07fa17a29] ActionController::RoutingError (No route matches [GET] "/"):
F, [2021-11-11T15:38:27.359544 #76722] FATAL -- : [9263aab6-a3e3-4c05-8593-a0d07fa17a29]   
F, [2021-11-11T15:38:27.359579 #76722] FATAL -- : [9263aab6-a3e3-4c05-8593-a0d07fa17a29] actionpack (5.2.6) lib/action_dispatch/middleware/debug_exceptions.rb:65:in `call'
[9263aab6-a3e3-4c05-8593-a0d07fa17a29] actionpack (5.2.6) lib/action_dispatch/middleware/show_exceptions.rb:33:in `call'
[9263aab6-a3e3-4c05-8593-a0d07fa17a29] railties (5.2.6) lib/rails/rack/logger.rb:38:in `call_app'
[9263aab6-a3e3-4c05-8593-a0d07fa17a29] railties (5.2.6) lib/rails/rack/logger.rb:26:in `block in call'
[9263aab6-a3e3-4c05-8593-a0d07fa17a29] activesupport (5.2.6) lib/active_support/tagged_logging.rb:71:in `block in tagged'
[9263aab6-a3e3-4c05-8593-a0d07fa17a29] activesupport (5.2.6) lib/active_support/tagged_logging.rb:28:in `tagged'
[9263aab6-a3e3-4c05-8593-a0d07fa17a29] activesupport (5.2.6) lib/active_support/tagged_logging.rb:71:in `tagged'
[9263aab6-a3e3-4c05-8593-a0d07fa17a29] railties (5.2.6) lib/rails/rack/logger.rb:26:in `call'
[9263aab6-a3e3-4c05-8593-a0d07fa17a29] actionpack (5.2.6) lib/action_dispatch/middleware/remote_ip.rb:81:in `call'
[9263aab6-a3e3-4c05-8593-a0d07fa17a29] actionpack (5.2.6) lib/action_dispatch/middleware/request_id.rb:27:in `call'
[9263aab6-a3e3-4c05-8593-a0d07fa17a29] rack (2.2.3) lib/rack/method_override.rb:24:in `call'
[9263aab6-a3e3-4c05-8593-a0d07fa17a29] rack (2.2.3) lib/rack/runtime.rb:22:in `call'
[9263aab6-a3e3-4c05-8593-a0d07fa17a29] activesupport (5.2.6) lib/active_support/cache/strategy/local_cache_middleware.rb:29:in `call'
[9263aab6-a3e3-4c05-8593-a0d07fa17a29] actionpack (5.2.6) lib/action_dispatch/middleware/executor.rb:14:in `call'
[9263aab6-a3e3-4c05-8593-a0d07fa17a29] rack (2.2.3) lib/rack/sendfile.rb:110:in `call'
[9263aab6-a3e3-4c05-8593-a0d07fa17a29] railties (5.2.6) lib/rails/engine.rb:524:in `call'
[9263aab6-a3e3-4c05-8593-a0d07fa17a29] puma (3.12.6) lib/puma/configuration.rb:227:in `call'
[9263aab6-a3e3-4c05-8593-a0d07fa17a29] puma (3.12.6) lib/puma/server.rb:706:in `handle_request'
[9263aab6-a3e3-4c05-8593-a0d07fa17a29] puma (3.12.6) lib/puma/server.rb:476:in `process_client'
[9263aab6-a3e3-4c05-8593-a0d07fa17a29] puma (3.12.6) lib/puma/server.rb:334:in `block in run'
[9263aab6-a3e3-4c05-8593-a0d07fa17a29] puma (3.12.6) lib/puma/thread_pool.rb:135:in `block in spawn_thread'
I, [2021-11-11T15:38:33.219014 #76722]  INFO -- : [3d816e54-0053-4d79-9f3a-e0c27994f475] Started GET "/home" for 127.0.0.1 at 2021-11-11 15:38:33 -0500
F, [2021-11-11T15:38:33.219980 #76722] FATAL -- : [3d816e54-0053-4d79-9f3a-e0c27994f475]   
F, [2021-11-11T15:38:33.220099 #76722] FATAL -- : [3d816e54-0053-4d79-9f3a-e0c27994f475] ActionController::RoutingError (No route matches [GET] "/home"):
F, [2021-11-11T15:38:33.220199 #76722] FATAL -- : [3d816e54-0053-4d79-9f3a-e0c27994f475]   
F, [2021-11-11T15:38:33.220238 #76722] FATAL -- : [3d816e54-0053-4d79-9f3a-e0c27994f475] actionpack (5.2.6) lib/action_dispatch/middleware/debug_exceptions.rb:65:in `call'
[3d816e54-0053-4d79-9f3a-e0c27994f475] actionpack (5.2.6) lib/action_dispatch/middleware/show_exceptions.rb:33:in `call'
[3d816e54-0053-4d79-9f3a-e0c27994f475] railties (5.2.6) lib/rails/rack/logger.rb:38:in `call_app'
[3d816e54-0053-4d79-9f3a-e0c27994f475] railties (5.2.6) lib/rails/rack/logger.rb:26:in `block in call'
[3d816e54-0053-4d79-9f3a-e0c27994f475] activesupport (5.2.6) lib/active_support/tagged_logging.rb:71:in `block in tagged'
[3d816e54-0053-4d79-9f3a-e0c27994f475] activesupport (5.2.6) lib/active_support/tagged_logging.rb:28:in `tagged'
[3d816e54-0053-4d79-9f3a-e0c27994f475] activesupport (5.2.6) lib/active_support/tagged_logging.rb:71:in `tagged'
[3d816e54-0053-4d79-9f3a-e0c27994f475] railties (5.2.6) lib/rails/rack/logger.rb:26:in `call'
[3d816e54-0053-4d79-9f3a-e0c27994f475] actionpack (5.2.6) lib/action_dispatch/middleware/remote_ip.rb:81:in `call'
[3d816e54-0053-4d79-9f3a-e0c27994f475] actionpack (5.2.6) lib/action_dispatch/middleware/request_id.rb:27:in `call'
[3d816e54-0053-4d79-9f3a-e0c27994f475] rack (2.2.3) lib/rack/method_override.rb:24:in `call'
[3d816e54-0053-4d79-9f3a-e0c27994f475] rack (2.2.3) lib/rack/runtime.rb:22:in `call'
[3d816e54-0053-4d79-9f3a-e0c27994f475] activesupport (5.2.6) lib/active_support/cache/strategy/local_cache_middleware.rb:29:in `call'
[3d816e54-0053-4d79-9f3a-e0c27994f475] actionpack (5.2.6) lib/action_dispatch/middleware/executor.rb:14:in `call'
[3d816e54-0053-4d79-9f3a-e0c27994f475] rack (2.2.3) lib/rack/sendfile.rb:110:in `call'
[3d816e54-0053-4d79-9f3a-e0c27994f475] railties (5.2.6) lib/rails/engine.rb:524:in `call'
[3d816e54-0053-4d79-9f3a-e0c27994f475] puma (3.12.6) lib/puma/configuration.rb:227:in `call'
[3d816e54-0053-4d79-9f3a-e0c27994f475] puma (3.12.6) lib/puma/server.rb:706:in `handle_request'
[3d816e54-0053-4d79-9f3a-e0c27994f475] puma (3.12.6) lib/puma/server.rb:476:in `process_client'
[3d816e54-0053-4d79-9f3a-e0c27994f475] puma (3.12.6) lib/puma/server.rb:334:in `block in run'
[3d816e54-0053-4d79-9f3a-e0c27994f475] puma (3.12.6) lib/puma/thread_pool.rb:135:in `block in spawn_thread'
I, [2021-11-11T15:38:38.663090 #76722]  INFO -- : [90284e5d-004d-45f5-b341-0014d61cf00d] Started GET "/starthere" for 127.0.0.1 at 2021-11-11 15:38:38 -0500
F, [2021-11-11T15:38:38.664025 #76722] FATAL -- : [90284e5d-004d-45f5-b341-0014d61cf00d]   
F, [2021-11-11T15:38:38.664092 #76722] FATAL -- : [90284e5d-004d-45f5-b341-0014d61cf00d] ActionController::RoutingError (No route matches [GET] "/starthere"):
F, [2021-11-11T15:38:38.664123 #76722] FATAL -- : [90284e5d-004d-45f5-b341-0014d61cf00d]   
F, [2021-11-11T15:38:38.664157 #76722] FATAL -- : [90284e5d-004d-45f5-b341-0014d61cf00d] actionpack (5.2.6) lib/action_dispatch/middleware/debug_exceptions.rb:65:in `call'
[90284e5d-004d-45f5-b341-0014d61cf00d] actionpack (5.2.6) lib/action_dispatch/middleware/show_exceptions.rb:33:in `call'
[90284e5d-004d-45f5-b341-0014d61cf00d] railties (5.2.6) lib/rails/rack/logger.rb:38:in `call_app'
[90284e5d-004d-45f5-b341-0014d61cf00d] railties (5.2.6) lib/rails/rack/logger.rb:26:in `block in call'
[90284e5d-004d-45f5-b341-0014d61cf00d] activesupport (5.2.6) lib/active_support/tagged_logging.rb:71:in `block in tagged'
[90284e5d-004d-45f5-b341-0014d61cf00d] activesupport (5.2.6) lib/active_support/tagged_logging.rb:28:in `tagged'
[90284e5d-004d-45f5-b341-0014d61cf00d] activesupport (5.2.6) lib/active_support/tagged_logging.rb:71:in `tagged'
[90284e5d-004d-45f5-b341-0014d61cf00d] railties (5.2.6) lib/rails/rack/logger.rb:26:in `call'
[90284e5d-004d-45f5-b341-0014d61cf00d] actionpack (5.2.6) lib/action_dispatch/middleware/remote_ip.rb:81:in `call'
[90284e5d-004d-45f5-b341-0014d61cf00d] actionpack (5.2.6) lib/action_dispatch/middleware/request_id.rb:27:in `call'
[90284e5d-004d-45f5-b341-0014d61cf00d] rack (2.2.3) lib/rack/method_override.rb:24:in `call'
[90284e5d-004d-45f5-b341-0014d61cf00d] rack (2.2.3) lib/rack/runtime.rb:22:in `call'
[90284e5d-004d-45f5-b341-0014d61cf00d] activesupport (5.2.6) lib/active_support/cache/strategy/local_cache_middleware.rb:29:in `call'
[90284e5d-004d-45f5-b341-0014d61cf00d] actionpack (5.2.6) lib/action_dispatch/middleware/executor.rb:14:in `call'
[90284e5d-004d-45f5-b341-0014d61cf00d] rack (2.2.3) lib/rack/sendfile.rb:110:in `call'
[90284e5d-004d-45f5-b341-0014d61cf00d] railties (5.2.6) lib/rails/engine.rb:524:in `call'
[90284e5d-004d-45f5-b341-0014d61cf00d] puma (3.12.6) lib/puma/configuration.rb:227:in `call'
[90284e5d-004d-45f5-b341-0014d61cf00d] puma (3.12.6) lib/puma/server.rb:706:in `handle_request'
[90284e5d-004d-45f5-b341-0014d61cf00d] puma (3.12.6) lib/puma/server.rb:476:in `process_client'
[90284e5d-004d-45f5-b341-0014d61cf00d] puma (3.12.6) lib/puma/server.rb:334:in `block in run'
[90284e5d-004d-45f5-b341-0014d61cf00d] puma (3.12.6) lib/puma/thread_pool.rb:135:in `block in spawn_thread'
I, [2021-11-11T15:38:47.008200 #76722]  INFO -- : [930a95fb-7a6d-4ff8-9183-e92cce0382fc] Started GET "/" for 127.0.0.1 at 2021-11-11 15:38:47 -0500
F, [2021-11-11T15:38:47.009078 #76722] FATAL -- : [930a95fb-7a6d-4ff8-9183-e92cce0382fc]   
F, [2021-11-11T15:38:47.009150 #76722] FATAL -- : [930a95fb-7a6d-4ff8-9183-e92cce0382fc] ActionController::RoutingError (No route matches [GET] "/"):
F, [2021-11-11T15:38:47.009184 #76722] FATAL -- : [930a95fb-7a6d-4ff8-9183-e92cce0382fc]   
F, [2021-11-11T15:38:47.009219 #76722] FATAL -- : [930a95fb-7a6d-4ff8-9183-e92cce0382fc] actionpack (5.2.6) lib/action_dispatch/middleware/debug_exceptions.rb:65:in `call'
[930a95fb-7a6d-4ff8-9183-e92cce0382fc] actionpack (5.2.6) lib/action_dispatch/middleware/show_exceptions.rb:33:in `call'
[930a95fb-7a6d-4ff8-9183-e92cce0382fc] railties (5.2.6) lib/rails/rack/logger.rb:38:in `call_app'
[930a95fb-7a6d-4ff8-9183-e92cce0382fc] railties (5.2.6) lib/rails/rack/logger.rb:26:in `block in call'
[930a95fb-7a6d-4ff8-9183-e92cce0382fc] activesupport (5.2.6) lib/active_support/tagged_logging.rb:71:in `block in tagged'
[930a95fb-7a6d-4ff8-9183-e92cce0382fc] activesupport (5.2.6) lib/active_support/tagged_logging.rb:28:in `tagged'
[930a95fb-7a6d-4ff8-9183-e92cce0382fc] activesupport (5.2.6) lib/active_support/tagged_logging.rb:71:in `tagged'
[930a95fb-7a6d-4ff8-9183-e92cce0382fc] railties (5.2.6) lib/rails/rack/logger.rb:26:in `call'
[930a95fb-7a6d-4ff8-9183-e92cce0382fc] actionpack (5.2.6) lib/action_dispatch/middleware/remote_ip.rb:81:in `call'
[930a95fb-7a6d-4ff8-9183-e92cce0382fc] actionpack (5.2.6) lib/action_dispatch/middleware/request_id.rb:27:in `call'
[930a95fb-7a6d-4ff8-9183-e92cce0382fc] rack (2.2.3) lib/rack/method_override.rb:24:in `call'
[930a95fb-7a6d-4ff8-9183-e92cce0382fc] rack (2.2.3) lib/rack/runtime.rb:22:in `call'
[930a95fb-7a6d-4ff8-9183-e92cce0382fc] activesupport (5.2.6) lib/active_support/cache/strategy/local_cache_middleware.rb:29:in `call'
[930a95fb-7a6d-4ff8-9183-e92cce0382fc] actionpack (5.2.6) lib/action_dispatch/middleware/executor.rb:14:in `call'
[930a95fb-7a6d-4ff8-9183-e92cce0382fc] rack (2.2.3) lib/rack/sendfile.rb:110:in `call'
[930a95fb-7a6d-4ff8-9183-e92cce0382fc] railties (5.2.6) lib/rails/engine.rb:524:in `call'
[930a95fb-7a6d-4ff8-9183-e92cce0382fc] puma (3.12.6) lib/puma/configuration.rb:227:in `call'
[930a95fb-7a6d-4ff8-9183-e92cce0382fc] puma (3.12.6) lib/puma/server.rb:706:in `handle_request'
[930a95fb-7a6d-4ff8-9183-e92cce0382fc] puma (3.12.6) lib/puma/server.rb:476:in `process_client'
[930a95fb-7a6d-4ff8-9183-e92cce0382fc] puma (3.12.6) lib/puma/server.rb:334:in `block in run'
[930a95fb-7a6d-4ff8-9183-e92cce0382fc] puma (3.12.6) lib/puma/thread_pool.rb:135:in `block in spawn_thread'
I, [2021-11-11T15:39:04.543325 #76722]  INFO -- : [7be3aa2f-e81e-46b9-a9e3-637db86bd868] Started GET "/" for 127.0.0.1 at 2021-11-11 15:39:04 -0500
F, [2021-11-11T15:39:04.543884 #76722] FATAL -- : [7be3aa2f-e81e-46b9-a9e3-637db86bd868]   
F, [2021-11-11T15:39:04.544081 #76722] FATAL -- : [7be3aa2f-e81e-46b9-a9e3-637db86bd868] ActionController::RoutingError (No route matches [GET] "/"):
F, [2021-11-11T15:39:04.544159 #76722] FATAL -- : [7be3aa2f-e81e-46b9-a9e3-637db86bd868]   
F, [2021-11-11T15:39:04.544208 #76722] FATAL -- : [7be3aa2f-e81e-46b9-a9e3-637db86bd868] actionpack (5.2.6) lib/action_dispatch/middleware/debug_exceptions.rb:65:in `call'
[7be3aa2f-e81e-46b9-a9e3-637db86bd868] actionpack (5.2.6) lib/action_dispatch/middleware/show_exceptions.rb:33:in `call'
[7be3aa2f-e81e-46b9-a9e3-637db86bd868] railties (5.2.6) lib/rails/rack/logger.rb:38:in `call_app'
[7be3aa2f-e81e-46b9-a9e3-637db86bd868] railties (5.2.6) lib/rails/rack/logger.rb:26:in `block in call'
[7be3aa2f-e81e-46b9-a9e3-637db86bd868] activesupport (5.2.6) lib/active_support/tagged_logging.rb:71:in `block in tagged'
[7be3aa2f-e81e-46b9-a9e3-637db86bd868] activesupport (5.2.6) lib/active_support/tagged_logging.rb:28:in `tagged'
[7be3aa2f-e81e-46b9-a9e3-637db86bd868] activesupport (5.2.6) lib/active_support/tagged_logging.rb:71:in `tagged'
[7be3aa2f-e81e-46b9-a9e3-637db86bd868] railties (5.2.6) lib/rails/rack/logger.rb:26:in `call'
[7be3aa2f-e81e-46b9-a9e3-637db86bd868] actionpack (5.2.6) lib/action_dispatch/middleware/remote_ip.rb:81:in `call'
[7be3aa2f-e81e-46b9-a9e3-637db86bd868] actionpack (5.2.6) lib/action_dispatch/middleware/request_id.rb:27:in `call'
[7be3aa2f-e81e-46b9-a9e3-637db86bd868] rack (2.2.3) lib/rack/method_override.rb:24:in `call'
[7be3aa2f-e81e-46b9-a9e3-637db86bd868] rack (2.2.3) lib/rack/runtime.rb:22:in `call'
[7be3aa2f-e81e-46b9-a9e3-637db86bd868] activesupport (5.2.6) lib/active_support/cache/strategy/local_cache_middleware.rb:29:in `call'
[7be3aa2f-e81e-46b9-a9e3-637db86bd868] actionpack (5.2.6) lib/action_dispatch/middleware/executor.rb:14:in `call'
[7be3aa2f-e81e-46b9-a9e3-637db86bd868] rack (2.2.3) lib/rack/sendfile.rb:110:in `call'
[7be3aa2f-e81e-46b9-a9e3-637db86bd868] railties (5.2.6) lib/rails/engine.rb:524:in `call'
[7be3aa2f-e81e-46b9-a9e3-637db86bd868] puma (3.12.6) lib/puma/configuration.rb:227:in `call'
[7be3aa2f-e81e-46b9-a9e3-637db86bd868] puma (3.12.6) lib/puma/server.rb:706:in `handle_request'
[7be3aa2f-e81e-46b9-a9e3-637db86bd868] puma (3.12.6) lib/puma/server.rb:476:in `process_client'
[7be3aa2f-e81e-46b9-a9e3-637db86bd868] puma (3.12.6) lib/puma/server.rb:334:in `block in run'
[7be3aa2f-e81e-46b9-a9e3-637db86bd868] puma (3.12.6) lib/puma/thread_pool.rb:135:in `block in spawn_thread'
I, [2021-11-11T19:24:50.811682 #97930]  INFO -- : [9c69cf79-0e61-40b6-b0f4-150844a55f87] Started GET "/cable" for 127.0.0.1 at 2021-11-11 19:24:50 -0500
I, [2021-11-11T19:24:50.831676 #97930]  INFO -- : [9c69cf79-0e61-40b6-b0f4-150844a55f87] Started GET "/cable/" [WebSocket] for 127.0.0.1 at 2021-11-11 19:24:50 -0500
I, [2021-11-11T19:24:50.831763 #97930]  INFO -- : [9c69cf79-0e61-40b6-b0f4-150844a55f87] Successfully upgraded to WebSocket (REQUEST_METHOD: GET, HTTP_CONNECTION: Upgrade, HTTP_UPGRADE: websocket)
E, [2021-11-11T19:24:50.863807 #97930] ERROR -- : Could not execute command from ({"command"=>"subscribe", "identifier"=>"{\"channel\":\"ChatChannel\",\"id\":120}"}) [ActiveRecord::NoDatabaseError - FATAL:  role "Hack" does not exist
]: /Users/snigdhabanda/.rbenv/versions/2.5.1/lib/ruby/gems/2.5.0/gems/activerecord-5.2.6/lib/active_record/connection_adapters/postgresql_adapter.rb:696:in `rescue in connect' | /Users/snigdhabanda/.rbenv/versions/2.5.1/lib/ruby/gems/2.5.0/gems/activerecord-5.2.6/lib/active_record/connection_adapters/postgresql_adapter.rb:691:in `connect' | /Users/snigdhabanda/.rbenv/versions/2.5.1/lib/ruby/gems/2.5.0/gems/activerecord-5.2.6/lib/active_record/connection_adapters/postgresql_adapter.rb:223:in `initialize' | /Users/snigdhabanda/.rbenv/versions/2.5.1/lib/ruby/gems/2.5.0/gems/activerecord-5.2.6/lib/active_record/connection_adapters/postgresql_adapter.rb:48:in `new' | /Users/snigdhabanda/.rbenv/versions/2.5.1/lib/ruby/gems/2.5.0/gems/activerecord-5.2.6/lib/active_record/connection_adapters/postgresql_adapter.rb:48:in `postgresql_connection'
I, [2021-11-11T19:24:56.732971 #97930]  INFO -- : [4813a3a3-d4dd-4a33-9a1b-fcd55e2d55a9] Started GET "/" for 127.0.0.1 at 2021-11-11 19:24:56 -0500
I, [2021-11-11T19:24:56.735114 #97930]  INFO -- : [4813a3a3-d4dd-4a33-9a1b-fcd55e2d55a9] Processing by StaticPagesController#root as HTML
I, [2021-11-11T19:24:56.765779 #97930]  INFO -- : [4813a3a3-d4dd-4a33-9a1b-fcd55e2d55a9]   Rendering static_pages/root.html.erb within layouts/application
I, [2021-11-11T19:24:56.922568 #97930]  INFO -- : [4813a3a3-d4dd-4a33-9a1b-fcd55e2d55a9]   Rendered static_pages/root.html.erb within layouts/application (156.2ms)
I, [2021-11-11T19:24:56.923051 #97930]  INFO -- : [4813a3a3-d4dd-4a33-9a1b-fcd55e2d55a9] Completed 500 Internal Server Error in 188ms
F, [2021-11-11T19:24:56.925397 #97930] FATAL -- : [4813a3a3-d4dd-4a33-9a1b-fcd55e2d55a9]   
F, [2021-11-11T19:24:56.925584 #97930] FATAL -- : [4813a3a3-d4dd-4a33-9a1b-fcd55e2d55a9] ActionView::Template::Error (FATAL:  role "Hack" does not exist
):
F, [2021-11-11T19:24:56.925927 #97930] FATAL -- : [4813a3a3-d4dd-4a33-9a1b-fcd55e2d55a9]     1: <% if logged_in? %>
[4813a3a3-d4dd-4a33-9a1b-fcd55e2d55a9]     2:     <script type="text/javascript">
[4813a3a3-d4dd-4a33-9a1b-fcd55e2d55a9]     3:         window.currentUser = <%= render(
[4813a3a3-d4dd-4a33-9a1b-fcd55e2d55a9]     4:             "api/users/user.json.jbuilder",
F, [2021-11-11T19:24:56.926012 #97930] FATAL -- : [4813a3a3-d4dd-4a33-9a1b-fcd55e2d55a9]   
F, [2021-11-11T19:24:56.926082 #97930] FATAL -- : [4813a3a3-d4dd-4a33-9a1b-fcd55e2d55a9] app/controllers/application_controller.rb:17:in `current_user'
[4813a3a3-d4dd-4a33-9a1b-fcd55e2d55a9] app/controllers/application_controller.rb:21:in `logged_in?'
[4813a3a3-d4dd-4a33-9a1b-fcd55e2d55a9] app/views/static_pages/root.html.erb:1:in `_app_views_static_pages_root_html_erb__1802440921146018510_70298472890800'
[4813a3a3-d4dd-4a33-9a1b-fcd55e2d55a9] app/controllers/static_pages_controller.rb:3:in `root'
